app/build/outputs/logs/manifest-merger-debug-report.txt
-- Merging decision tree log ---
manifest
ADDED from src/main/AndroidManifest.xml:2:1-98:12
INJECTED from src/main/AndroidManifest.xml:2:1-98:12
INJECTED from src/main/AndroidManifest.xml:2:1-98:12
INJECTED from src/main/AndroidManifest.xml:2:1-98:12
MERGED from [com.android.support:support-v13:28.0.0] AndroidManifest.xml:17:1-22:12
MERGED from [:base] AndroidManifest.xml:2:1-16:12
MERGED from [com.android.support:appcompat-v7:28.0.0] AndroidManifest.xml:17:1-22:12
MERGED from [com.viewpagerindicator:library:2.4.1] AndroidManifest.xml:1:107-4:12
MERGED from [com.android.support:support-v4:28.0.0] AndroidManifest.xml:17:1-22:12
MERGED from [com.android.support:support-fragment:28.0.0] AndroidManifest.xml:17:1-22:12
MERGED from [com.android.support:animated-vector-drawable:28.0.0] AndroidManifest.xml:17:1-22:12
MERGED from [com.android.support:support-core-ui:28.0.0] AndroidManifest.xml:17:1-22:12
MERGED from [com.android.support:support-core-utils:28.0.0] AndroidManifest.xml:17:1-22:12
MERGED from [com.android.support:support-vector-drawable:28.0.0] AndroidManifest.xml:17:1-22:12
MERGED from [com.android.support:support-media-compat:28.0.0] AndroidManifest.xml:17:1-22:12
MERGED from [com.android.support:loader:28.0.0] AndroidManifest.xml:17:1-22:12
MERGED from [com.android.support:viewpager:28.0.0] AndroidManifest.xml:17:1-22:12
MERGED from [com.android.support:coordinatorlayout:28.0.0] AndroidManifest.xml:17:1-22:12
MERGED from [com.android.support:drawerlayout:28.0.0] AndroidManifest.xml:17:1-22:12
MERGED from [com.android.support:slidingpanelayout:28.0.0] AndroidManifest.xml:17:1-22:12
MERGED from [com.android.support:customview:28.0.0] AndroidManifest.xml:17:1-22:12
MERGED from [com.android.support:swiperefreshlayout:28.0.0] AndroidManifest.xml:17:1-22:12
MERGED from [com.android.support:asynclayoutinflater:28.0.0] AndroidManifest.xml:17:1-22:12
MERGED from [com.android.support:support-compat:28.0.0] AndroidManifest.xml:17:1-24:12
MERGED from [com.android.support:versionedparcelable:28.0.0] AndroidManifest.xml:17:1-25:12
MERGED from [com.android.support:cursoradapter:28.0.0] AndroidManifest.xml:17:1-22:12
MERGED from [android.arch.lifecycle:runtime:1.1.1] AndroidManifest.xml:17:1-22:12
MERGED from [com.android.support:documentfile:28.0.0] AndroidManifest.xml:17:1-22:12
MERGED from [com.android.support:localbroadcastmanager:28.0.0] AndroidManifest.xml:17:1-22:12
MERGED from [com.android.support:print:28.0.0] AndroidManifest.xml:17:1-22:12
MERGED from [android.arch.lifecycle:viewmodel:1.1.1] AndroidManifest.xml:17:1-22:12
MERGED from [com.android.support:interpolator:28.0.0] AndroidManifest.xml:17:1-22:12
MERGED from [android.arch.lifecycle:livedata:1.1.1] AndroidManifest.xml:17:1-22:12
MERGED from [android.arch.lifecycle:livedata-core:1.1.1] AndroidManifest.xml:17:1-22:12
MERGED from [android.arch.core:runtime:1.1.1] AndroidManifest.xml:17:1-22:12
INJECTED from src/main/AndroidManifest.xml:2:1-98:12
INJECTED from src/main/AndroidManifest.xml:2:1-98:12
INJECTED from src/main/AndroidManifest.xml:2:1-98:12
	package
		ADDED from src/main/AndroidManifest.xml:3:5-39
		INJECTED from src/main/AndroidManifest.xml
		INJECTED from src/main/AndroidManifest.xml
	android:versionName
		INJECTED from src/main/AndroidManifest.xml
		ADDED from src/main/AndroidManifest.xml:2:1-98:12
		INJECTED from src/main/AndroidManifest.xml
	android:versionCode
		INJECTED from src/main/AndroidManifest.xml
		ADDED from src/main/AndroidManifest.xml:2:1-98:12
		INJECTED from src/main/AndroidManifest.xml
	xmlns:android
		ADDED from src/main/AndroidManifest.xml:2:11-69
uses-permission#android.permission.CAMERA
ADDED from src/main/AndroidManifest.xml:5:5-65
	android:name
		ADDED from src/main/AndroidManifest.xml:5:22-62
uses-permission#android.permission.INTERNET
ADDED from src/main/AndroidManifest.xml:6:5-67
	android:name
		ADDED from src/main/AndroidManifest.xml:6:22-64
uses-permission#android.permission.ACCESS_NETWORK_STATE
ADDED from src/main/AndroidManifest.xml:7:5-79
	android:name
		ADDED from src/main/AndroidManifest.xml:7:22-76
uses-permission#android.permission.WRITE_EXTERNAL_STORAGE
ADDED from src/main/AndroidManifest.xml:8:5-81
	android:name
		ADDED from src/main/AndroidManifest.xml:8:22-78
uses-permission#android.permission.READ_EXTERNAL_STORAGE
ADDED from src/main/AndroidManifest.xml:9:5-80
	android:name
		ADDED from src/main/AndroidManifest.xml:9:22-77
uses-feature#android.hardware.camera.any
ADDED from src/main/AndroidManifest.xml:11:5-64
	android:name
		ADDED from src/main/AndroidManifest.xml:11:19-61
uses-feature#android.hardware.camera
ADDED from src/main/AndroidManifest.xml:12:5-14:35
	android:required
		ADDED from src/main/AndroidManifest.xml:14:9-32
	android:name
		ADDED from src/main/AndroidManifest.xml:13:9-47
uses-feature#android.hardware.camera.autofocus
ADDED from src/main/AndroidManifest.xml:15:5-17:36
	android:required
		ADDED from src/main/AndroidManifest.xml:17:9-33
	android:name
		ADDED from src/main/AndroidManifest.xml:16:9-57
uses-feature#0x00010100
ADDED from src/main/AndroidManifest.xml:18:5-54
	android:glEsVersion
		ADDED from src/main/AndroidManifest.xml:18:19-51
supports-screens
ADDED from src/main/AndroidManifest.xml:20:5-25:40
	android:largeScreens
		ADDED from src/main/AndroidManifest.xml:22:9-36
	android:smallScreens
		ADDED from src/main/AndroidManifest.xml:24:9-36
	android:normalScreens
		ADDED from src/main/AndroidManifest.xml:23:9-37
	android:xlargeScreens
		ADDED from src/main/AndroidManifest.xml:25:9-37
	android:anyDensity
		ADDED from src/main/AndroidManifest.xml:21:9-34
application
ADDED from src/main/AndroidManifest.xml:27:5-96:19
MERGED from [:base] AndroidManifest.xml:11:5-14:19
MERGED from [:base] AndroidManifest.xml:11:5-14:19
MERGED from [com.android.support:support-compat:28.0.0] AndroidManifest.xml:22:5-94
MERGED from [com.android.support:support-compat:28.0.0] AndroidManifest.xml:22:5-94
MERGED from [com.android.support:versionedparcelable:28.0.0] AndroidManifest.xml:22:5-23:19
MERGED from [com.android.support:versionedparcelable:28.0.0] AndroidManifest.xml:22:5-23:19
	android:appComponentFactory
		ADDED from [com.android.support:support-compat:28.0.0] AndroidManifest.xml:22:18-91
	android:supportsRtl
		ADDED from [:base] AndroidManifest.xml:13:9-35
	android:label
		ADDED from src/main/AndroidManifest.xml:31:9-41
	android:largeHeap
		ADDED from src/main/AndroidManifest.xml:32:9-33
	android:icon
		ADDED from src/main/AndroidManifest.xml:30:9-38
	android:allowBackup
		ADDED from src/main/AndroidManifest.xml:29:9-35
	android:name
		ADDED from src/main/AndroidManifest.xml:28:9-60
activity#com.yurisuzuki.CameraActivity
ADDED from src/main/AndroidManifest.xml:35:9-43:20
	android:screenOrientation
		ADDED from src/main/AndroidManifest.xml:38:13-50
	android:label
		ADDED from src/main/AndroidManifest.xml:37:13-45
	android:theme
		ADDED from src/main/AndroidManifest.xml:39:13-47
	android:name
		ADDED from src/main/AndroidManifest.xml:36:13-57
activity#org.artoolkit.ar.base.camera.CameraPreferencesActivity
ADDED from src/main/AndroidManifest.xml:44:9-45:85
	android:name
		ADDED from src/main/AndroidManifest.xml:45:13-82
activity#com.yurisuzuki.EntryActivity
ADDED from src/main/AndroidManifest.xml:47:9-58:20
	android:screenOrientation
		ADDED from src/main/AndroidManifest.xml:50:13-49
	android:theme
		ADDED from src/main/AndroidManifest.xml:49:13-47
	android:name
		ADDED from src/main/AndroidManifest.xml:48:13-56
intent-filter#action:name:android.intent.action.MAIN+category:name:android.intent.category.LAUNCHER
ADDED from src/main/AndroidManifest.xml:52:13-55:29
action#android.intent.action.MAIN
ADDED from src/main/AndroidManifest.xml:53:17-69
	android:name
		ADDED from src/main/AndroidManifest.xml:53:25-66
category#android.intent.category.LAUNCHER
ADDED from src/main/AndroidManifest.xml:54:17-77
	android:name
		ADDED from src/main/AndroidManifest.xml:54:27-74
activity#com.yurisuzuki.MainActivity
ADDED from src/main/AndroidManifest.xml:59:9-65:20
	android:screenOrientation
		ADDED from src/main/AndroidManifest.xml:62:13-49
	android:theme
		ADDED from src/main/AndroidManifest.xml:61:13-47
	android:name
		ADDED from src/main/AndroidManifest.xml:60:13-55
activity#com.yurisuzuki.ActivityIntro
ADDED from src/main/AndroidManifest.xml:67:9-70:51
	android:screenOrientation
		ADDED from src/main/AndroidManifest.xml:70:13-49
	android:theme
		ADDED from src/main/AndroidManifest.xml:69:13-47
	android:name
		ADDED from src/main/AndroidManifest.xml:68:13-56
activity#com.yurisuzuki.ActivityMakeMarkerTop
ADDED from src/main/AndroidManifest.xml:72:9-75:51
	android:screenOrientation
		ADDED from src/main/AndroidManifest.xml:75:13-49
	android:theme
		ADDED from src/main/AndroidManifest.xml:74:13-47
	android:name
		ADDED from src/main/AndroidManifest.xml:73:13-64
activity#com.yurisuzuki.ActivityMakeMarkerTrace
ADDED from src/main/AndroidManifest.xml:77:9-80:51
	android:screenOrientation
		ADDED from src/main/AndroidManifest.xml:80:13-49
	android:theme
		ADDED from src/main/AndroidManifest.xml:79:13-47
	android:name
		ADDED from src/main/AndroidManifest.xml:78:13-66
activity#com.yurisuzuki.ActivityAbout
ADDED from src/main/AndroidManifest.xml:82:9-85:51
	android:screenOrientation
		ADDED from src/main/AndroidManifest.xml:85:13-49
	android:theme
		ADDED from src/main/AndroidManifest.xml:84:13-47
	android:name
		ADDED from src/main/AndroidManifest.xml:83:13-56
uses-sdk
INJECTED from src/main/AndroidManifest.xml reason: use-sdk injection requested
INJECTED from src/main/AndroidManifest.xml
INJECTED from src/main/AndroidManifest.xml
MERGED from [com.android.support:support-v13:28.0.0] AndroidManifest.xml:20:5-44
MERGED from [com.android.support:support-v13:28.0.0] AndroidManifest.xml:20:5-44
MERGED from [:base] AndroidManifest.xml:7:5-9:41
MERGED from [:base] AndroidManifest.xml:7:5-9:41
MERGED from [com.android.support:appcompat-v7:28.0.0] AndroidManifest.xml:20:5-44
MERGED from [com.android.support:appcompat-v7:28.0.0] AndroidManifest.xml:20:5-44
MERGED from [com.viewpagerindicator:library:2.4.1] AndroidManifest.xml:3:5-42
MERGED from [com.viewpagerindicator:library:2.4.1] AndroidManifest.xml:3:5-42
MERGED from [com.android.support:support-v4:28.0.0] AndroidManifest.xml:20:5-44
MERGED from [com.android.support:support-v4:28.0.0] AndroidManifest.xml:20:5-44
MERGED from [com.android.support:support-fragment:28.0.0] AndroidManifest.xml:20:5-44
MERGED from [com.android.support:support-fragment:28.0.0] AndroidManifest.xml:20:5-44
MERGED from [com.android.support:animated-vector-drawable:28.0.0] AndroidManifest.xml:20:5-44
MERGED from [com.android.support:animated-vector-drawable:28.0.0] AndroidManifest.xml:20:5-44
MERGED from [com.android.support:support-core-ui:28.0.0] AndroidManifest.xml:20:5-44
MERGED from [com.android.support:support-core-ui:28.0.0] AndroidManifest.xml:20:5-44
MERGED from [com.android.support:support-core-utils:28.0.0] AndroidManifest.xml:20:5-44
MERGED from [com.android.support:support-core-utils:28.0.0] AndroidManifest.xml:20:5-44
MERGED from [com.android.support:support-vector-drawable:28.0.0] AndroidManifest.xml:20:5-44
MERGED from [com.android.support:support-vector-drawable:28.0.0] AndroidManifest.xml:20:5-44
MERGED from [com.android.support:support-media-compat:28.0.0] AndroidManifest.xml:20:5-44
MERGED from [com.android.support:support-media-compat:28.0.0] AndroidManifest.xml:20:5-44
MERGED from [com.android.support:loader:28.0.0] AndroidManifest.xml:20:5-44
MERGED from [com.android.support:loader:28.0.0] AndroidManifest.xml:20:5-44
MERGED from [com.android.support:viewpager:28.0.0] AndroidManifest.xml:20:5-44
MERGED from [com.android.support:viewpager:28.0.0] AndroidManifest.xml:20:5-44
MERGED from [com.android.support:coordinatorlayout:28.0.0] AndroidManifest.xml:20:5-44
MERGED from [com.android.support:coordinatorlayout:28.0.0] AndroidManifest.xml:20:5-44
MERGED from [com.android.support:drawerlayout:28.0.0] AndroidManifest.xml:20:5-44
MERGED from [com.android.support:drawerlayout:28.0.0] AndroidManifest.xml:20:5-44
MERGED from [com.android.support:slidingpanelayout:28.0.0] AndroidManifest.xml:20:5-44
MERGED from [com.android.support:slidingpanelayout:28.0.0] AndroidManifest.xml:20:5-44
MERGED from [com.android.support:customview:28.0.0] AndroidManifest.xml:20:5-44
MERGED from [com.android.support:customview:28.0.0] AndroidManifest.xml:20:5-44
MERGED from [com.android.support:swiperefreshlayout:28.0.0] AndroidManifest.xml:20:5-44
MERGED from [com.android.support:swiperefreshlayout:28.0.0] AndroidManifest.xml:20:5-44
MERGED from [com.android.support:asynclayoutinflater:28.0.0] AndroidManifest.xml:20:5-44
MERGED from [com.android.support:asynclayoutinflater:28.0.0] AndroidManifest.xml:20:5-44
MERGED from [com.android.support:support-compat:28.0.0] AndroidManifest.xml:20:5-44
MERGED from [com.android.support:support-compat:28.0.0] AndroidManifest.xml:20:5-44
MERGED from [com.android.support:versionedparcelable:28.0.0] AndroidManifest.xml:20:5-44
MERGED from [com.android.support:versionedparcelable:28.0.0] AndroidManifest.xml:20:5-44
MERGED from [com.android.support:cursoradapter:28.0.0] AndroidManifest.xml:20:5-44
MERGED from [com.android.support:cursoradapter:28.0.0] AndroidManifest.xml:20:5-44
MERGED from [android.arch.lifecycle:runtime:1.1.1] AndroidManifest.xml:20:5-44
MERGED from [android.arch.lifecycle:runtime:1.1.1] AndroidManifest.xml:20:5-44
MERGED from [com.android.support:documentfile:28.0.0] AndroidManifest.xml:20:5-44
MERGED from [com.android.support:documentfile:28.0.0] AndroidManifest.xml:20:5-44
MERGED from [com.android.support:localbroadcastmanager:28.0.0] AndroidManifest.xml:20:5-44
MERGED from [com.android.support:localbroadcastmanager:28.0.0] AndroidManifest.xml:20:5-44
MERGED from [com.android.support:print:28.0.0] AndroidManifest.xml:20:5-44
MERGED from [com.android.support:print:28.0.0] AndroidManifest.xml:20:5-44
MERGED from [android.arch.lifecycle:viewmodel:1.1.1] AndroidManifest.xml:20:5-44
MERGED from [android.arch.lifecycle:viewmodel:1.1.1] AndroidManifest.xml:20:5-44
MERGED from [com.android.support:interpolator:28.0.0] AndroidManifest.xml:20:5-44
MERGED from [com.android.support:interpolator:28.0.0] AndroidManifest.xml:20:5-44
MERGED from [android.arch.lifecycle:livedata:1.1.1] AndroidManifest.xml:20:5-44
MERGED from [android.arch.lifecycle:livedata:1.1.1] AndroidManifest.xml:20:5-44
MERGED from [android.arch.lifecycle:livedata-core:1.1.1] AndroidManifest.xml:20:5-44
MERGED from [android.arch.lifecycle:livedata-core:1.1.1] AndroidManifest.xml:20:5-44
MERGED from [android.arch.core:runtime:1.1.1] AndroidManifest.xml:20:5-44
MERGED from [android.arch.core:runtime:1.1.1] AndroidManifest.xml:20:5-44
INJECTED from src/main/AndroidManifest.xml
INJECTED from src/main/AndroidManifest.xml
	android:targetSdkVersion
		INJECTED from src/main/AndroidManifest.xml
		ADDED from src/main/AndroidManifest.xml
		INJECTED from src/main/AndroidManifest.xml
	android:minSdkVersion
		INJECTED from src/main/AndroidManifest.xml
		ADDED from src/main/AndroidManifest.xml
		INJECTED from src/main/AndroidManifest.xml